[2023-01-13 13:52:07,414] multiqc                                            [DEBUG  ]  This is MultiQC v1.14
[2023-01-13 13:52:07,415] multiqc                                            [DEBUG  ]  Loading config settings from: multiqc_config.yml
[2023-01-13 13:52:07,416] multiqc                                            [DEBUG  ]  New config: {'report_comment': 'This report has been generated by the <a href="https://github.com/nf-core/testpipeline" target="_blank">nf-core/testpipeline</a> analysis pipeline. For information about how to interpret these results, please see the <a href="https://nf-co.re/testpipeline" target="_blank">documentation</a>.\n', 'report_section_order': {'software_versions': {'order': -1000}, 'nf-core-testpipeline-summary': {'order': -1001}}, 'export_plots': True}
[2023-01-13 13:52:07,416] multiqc                                            [DEBUG  ]  Command used: /opt/conda/bin/multiqc -f .
[2023-01-13 13:52:09,553] multiqc                                            [DEBUG  ]  Latest MultiQC version is v1.14
[2023-01-13 13:52:09,553] multiqc                                            [DEBUG  ]  Working dir : /workspace/nf-tutorial/work/43/91f7275363a8be5466cefd1b4020e8
[2023-01-13 13:52:09,553] multiqc                                            [DEBUG  ]  Template    : default
[2023-01-13 13:52:09,553] multiqc                                            [DEBUG  ]  Running Python 3.9.15 | packaged by conda-forge | (main, Nov 22 2022, 08:45:29)  [GCC 10.4.0]
[2023-01-13 13:52:09,553] multiqc                                            [DEBUG  ]  Analysing modules: custom_content, ccs, ngsderive, purple, conpair, lima, peddy, somalier, methylQA, mosdepth, phantompeakqualtools, qualimap, preseq, hifiasm, quast, qorts, rna_seqc, rockhopper, rsem, rseqc, busco, bustools, goleft_indexcov, gffcompare, disambiguate, supernova, deeptools, sargasso, verifybamid, mirtrace, happy, mirtop, sambamba, gopeaks, homer, hops, macs2, theta2, snpeff, gatk, htseq, bcftools, featureCounts, fgbio, dragen, dragen_fastqc, dedup, pbmarkdup, damageprofiler, biobambam2, jcvi, mtnucratio, picard, vep, sentieon, prokka, qc3C, nanostat, samblaster, samtools, sexdeterrmine, eigenstratdatabasetools, bamtools, jellyfish, vcftools, longranger, stacks, varscan2, snippy, umitools, bbmap, bismark, biscuit, diamond, hicexplorer, hicup, hicpro, salmon, kallisto, slamdunk, star, hisat2, tophat, bowtie2, bowtie1, cellranger, snpsplit, odgi, pangolin, nextclade, humid, kat, leehom, adapterRemoval, bbduk, clipandmerge, cutadapt, flexbar, kaiju, kraken, malt, motus, trimmomatic, sickle, skewer, sortmerna, biobloomtools, fastq_screen, afterqc, fastp, fastqc, filtlong, prinseqplusplus, pychopper, porechop, pycoqc, minionqc, anglerfish, multivcfanalyzer, clusterflow, checkqc, bcl2fastq, bclconvert, interop, ivar, flash, seqyclean, optitype, whatshap
[2023-01-13 13:52:09,553] multiqc                                            [DEBUG  ]  Using temporary directory for creating report: /tmp/tmpurehq5gq
[2023-01-13 13:52:09,768] multiqc                                            [INFO   ]  Search path : /workspace/nf-tutorial/work/43/91f7275363a8be5466cefd1b4020e8
[2023-01-13 13:52:09,856] multiqc                                            [DEBUG  ]  Summary of files that were skipped by the search: [skipped_no_match: 8] // [skipped_module_specific_max_filesize: 5]
[2023-01-13 13:52:10,420] multiqc.plots.bargraph                             [DEBUG  ]  Using matplotlib version 3.6.2
[2023-01-13 13:52:10,421] multiqc.plots.linegraph                            [DEBUG  ]  Using matplotlib version 3.6.2
[2023-01-13 13:52:10,426] multiqc.modules.custom_content.custom_content      [INFO   ]  nf-core-testpipeline-summary: Found 1 sample (html)
[2023-01-13 13:52:10,426] multiqc.modules.custom_content.custom_content      [INFO   ]  software_versions: Found 1 sample (html)
[2023-01-13 13:52:10,488] multiqc.modules.fastqc.fastqc                      [INFO   ]  Found 6 reports
[2023-01-13 13:52:18,341] multiqc                                            [DEBUG  ]  Reordering sections: anchor 'software_versions' not found for module 'FastQC'.
[2023-01-13 13:52:18,341] multiqc                                            [DEBUG  ]  Reordering sections: anchor 'nf-core-testpipeline-summary' not found for module 'FastQC'.
[2023-01-13 13:52:18,341] multiqc                                            [DEBUG  ]  Reordering sections: anchor 'software_versions' not found for module 'nf-core/testpipeline Software Versions'.
[2023-01-13 13:52:18,341] multiqc                                            [DEBUG  ]  Reordering sections: anchor 'nf-core-testpipeline-summary' not found for module 'nf-core/testpipeline Software Versions'.
[2023-01-13 13:52:18,341] multiqc                                            [DEBUG  ]  Reordering sections: anchor 'software_versions' not found for module 'nf-core/testpipeline Workflow Summary'.
[2023-01-13 13:52:18,341] multiqc                                            [DEBUG  ]  Reordering sections: anchor 'nf-core-testpipeline-summary' not found for module 'nf-core/testpipeline Workflow Summary'.
[2023-01-13 13:52:18,350] multiqc                                            [INFO   ]  Compressing plot data
[2023-01-13 13:52:18,435] multiqc                                            [INFO   ]  Report      : multiqc_report.html
[2023-01-13 13:52:18,435] multiqc                                            [INFO   ]  Data        : multiqc_data
[2023-01-13 13:52:18,435] multiqc                                            [DEBUG  ]  Moving data file from '/tmp/tmpurehq5gq/multiqc_data' to '/workspace/nf-tutorial/work/43/91f7275363a8be5466cefd1b4020e8/multiqc_data'
[2023-01-13 13:52:18,439] multiqc                                            [INFO   ]  Plots       : multiqc_plots
[2023-01-13 13:52:18,439] multiqc                                            [DEBUG  ]  Moving plots directory from '/tmp/tmpurehq5gq/multiqc_plots' to '/workspace/nf-tutorial/work/43/91f7275363a8be5466cefd1b4020e8/multiqc_plots'
[2023-01-13 13:52:18,531] multiqc                                            [INFO   ]  MultiQC complete
